<?xml version="1.0" encoding="UTF-8"?>
<!-- Generated by org.testng.reporters.JUnitReportReporter -->
<testsuite hostname="ASPIRE-7-SATISH" failures="0" tests="3" name="tests.SearchTest" time="10.346" errors="0" timestamp="2023-07-18T10:43:27 IST" skipped="0">
  <testcase classname="tests.SearchTest" name="searchWithValidProductName" time="3.343"/>
  <testcase classname="tests.SearchTest" name="searchWithInvalidProductName" time="3.463"/>
  <testcase classname="tests.SearchTest" name="searchByNotProvidingAnyProductName" time="3.540"/>
</testsuite> <!-- tests.SearchTest -->
