<?xml version="1.0" encoding="UTF-8"?>
<!-- Generated by org.testng.reporters.JUnitReportReporter -->
<testsuite hostname="ASPIRE-7-SATISH" failures="0" tests="2" name="tests.RegisterTest" time="13.397" errors="0" timestamp="2023-07-18T10:43:27 IST" skipped="0">
  <testcase classname="tests.RegisterTest" name="registerWithMandatoryFields" time="5.186"/>
  <testcase classname="tests.RegisterTest" name="registerWithAllFields" time="8.211"/>
</testsuite> <!-- tests.RegisterTest -->
